<?xml version="1.0" encoding="UTF-8"?>
<!-- Generated by org.testng.reporters.JUnitXMLReporter -->
<testsuite ignored="0" hostname="NAVEEN" failures="0" tests="3" name="Chrome Test" time="51.906" errors="0" timestamp="2022-08-29T16:42:03 IST">
  <testcase classname="lambdatestjava.LambdaTestJava" name="testScenario1" time="5.467"/>
  <testcase classname="lambdatestjava.LambdaTestJava2" name="testScenario2" time="5.12"/>
  <testcase classname="lambdatestjava.LambdaTestJava3" name="testScenario3" time="18.362"/>
</testsuite> <!-- Chrome Test -->
