<?xml version="1.0" encoding="UTF-8"?>
<!-- Generated by org.testng.reporters.JUnitXMLReporter -->
<testsuite ignored="0" hostname="NAVEEN" failures="0" tests="3" name="Firefox Test" time="38.602" errors="0" timestamp="2022-08-29T16:42:42 IST">
  <testcase classname="lambdatestjava.LambdaTestJava2" name="testScenario2" time="4.646"/>
  <testcase classname="lambdatestjava.LambdaTestJava" name="testScenario1" time="5.648"/>
  <testcase classname="lambdatestjava.LambdaTestJava3" name="testScenario3" time="16.955"/>
</testsuite> <!-- Firefox Test -->
