<?xml version="1.0" encoding="UTF-8"?>
<!-- Generated by org.testng.reporters.JUnitXMLReporter -->
<testsuite ignored="0" hostname="NAVEEN" failures="0" tests="3" name="Microsoft Edge Test" time="51.262" errors="0" timestamp="2022-08-29T16:43:33 IST">
  <testcase classname="lambdatestjava.LambdaTestJava" name="testScenario1" time="5.335"/>
  <testcase classname="lambdatestjava.LambdaTestJava2" name="testScenario2" time="4.17"/>
  <testcase classname="lambdatestjava.LambdaTestJava3" name="testScenario3" time="18.252"/>
</testsuite> <!-- Microsoft Edge Test -->
